app/build/intermediates/manifest_merge_blame_file/debug/manifest-merger-blame-debug-report.txt
1<?xml version="1.0" encoding="utf-8"?>
2<manifest xmlns:android="http://schemas.android.com/apk/res/android"
3    package="com.example.yedas"
4    android:versionCode="1"
5    android:versionName="1.0" >
6
7    <uses-sdk
8        android:minSdkVersion="22"
8-->src\main\AndroidManifest.xml
9        android:targetSdkVersion="28" />
9-->src\main\AndroidManifest.xml
10
11    <uses-permission android:name="android.permission.READ_EXTERNAL_STORAGE" />
11-->src\main\AndroidManifest.xml:58:5-80
11-->src\main\AndroidManifest.xml:58:22-77
12    <uses-permission android:name="android.permission.WRITE_EXTERNAL_STORAGE" />
12-->src\main\AndroidManifest.xml:59:5-81
12-->src\main\AndroidManifest.xml:59:22-78
13    <uses-permission android:name="android.permission.INTERNET" />
13-->src\main\AndroidManifest.xml:60:5-66
13-->src\main\AndroidManifest.xml:60:22-64
14    <uses-permission android:name="android.permission.ACCESS_NETWORK_STATE" />
14-->[com.firebaseui:firebase-ui-auth:4.3.1] AndroidManifest.xml:12:5-79
14-->[com.firebaseui:firebase-ui-auth:4.3.1] AndroidManifest.xml:12:22-76
15    <uses-permission android:name="android.permission.WAKE_LOCK" /> <!-- Required by older versions of Google Play services to create IID tokens -->
15-->[com.google.android.gms:play-services-measurement-api:17.2.0] AndroidManifest.xml:24:5-68
15-->[com.google.android.gms:play-services-measurement-api:17.2.0] AndroidManifest.xml:24:22-65
16    <uses-permission android:name="com.google.android.c2dm.permission.RECEIVE" />
16-->[com.google.firebase:firebase-iid:20.0.0] AndroidManifest.xml:26:5-82
16-->[com.google.firebase:firebase-iid:20.0.0] AndroidManifest.xml:26:22-79
17    <uses-permission android:name="com.google.android.finsky.permission.BIND_GET_INSTALL_REFERRER_SERVICE" />
17-->[com.google.android.gms:play-services-measurement:17.2.0] AndroidManifest.xml:26:5-110
17-->[com.google.android.gms:play-services-measurement:17.2.0] AndroidManifest.xml:26:22-107
18
19    <application
19-->src\main\AndroidManifest.xml:5:5-57:19
20        android:allowBackup="true"
20-->src\main\AndroidManifest.xml:6:9-35
21        android:appComponentFactory="androidx.core.app.CoreComponentFactory"
21-->[androidx.core:core:1.1.0] AndroidManifest.xml:24:18-86
22        android:debuggable="true"
23        android:icon="@mipmap/ic_launcher"
23-->src\main\AndroidManifest.xml:7:9-43
24        android:label="@string/app_name"
24-->src\main\AndroidManifest.xml:8:9-41
25        android:roundIcon="@mipmap/ic_launcher_round"
25-->src\main\AndroidManifest.xml:9:9-54
26        android:supportsRtl="true"
26-->src\main\AndroidManifest.xml:10:9-35
27        android:testOnly="true"
28        android:theme="@style/AppTheme" >
28-->src\main\AndroidManifest.xml:11:9-40
29        <provider
30            android:name="androidx.core.content.FileProvider"
30-->src\main\AndroidManifest.xml:13:13-62
31            android:authorities="com.example.yedas.provider"
31-->src\main\AndroidManifest.xml:14:13-60
32            android:exported="false"
32-->src\main\AndroidManifest.xml:15:13-37
33            android:grantUriPermissions="true" >
33-->src\main\AndroidManifest.xml:16:13-47
34            <meta-data
34-->src\main\AndroidManifest.xml:17:13-19:54
35                android:name="android.support.FILE_PROVIDER_PATHS"
35-->src\main\AndroidManifest.xml:18:17-67
36                android:resource="@xml/file_paths" />
36-->src\main\AndroidManifest.xml:19:17-51
37        </provider>
38
39        <activity android:name="com.example.yedas.LoadingScreenActivity" >
39-->src\main\AndroidManifest.xml:21:9-26:40
39-->src\main\AndroidManifest.xml:22:13-49
40            <intent-filter>
40-->src\main\AndroidManifest.xml:23:13-26:29
41                <action android:name="android.intent.action.MAIN" />
41-->src\main\AndroidManifest.xml:24:17-69
41-->src\main\AndroidManifest.xml:24:25-66
42
43                <category android:name="android.intent.category.LAUNCHER" />
43-->src\main\AndroidManifest.xml:25:17-77
43-->src\main\AndroidManifest.xml:25:27-74
44            </intent-filter>
45        </activity>
46        <activity
46-->src\main\AndroidManifest.xml:27:9-31:20
47            android:name="com.example.yedas.MainActivity"
47-->src\main\AndroidManifest.xml:28:13-41
48            android:label="@string/app_name"
48-->src\main\AndroidManifest.xml:29:13-45
49            android:theme="@style/AppTheme.NoActionBar" >
49-->src\main\AndroidManifest.xml:30:13-56
50        </activity>
51        <activity
51-->src\main\AndroidManifest.xml:32:9-34:57
52            android:name="com.example.yedas.PdfViewActivity"
52-->src\main\AndroidManifest.xml:33:13-43
53            android:label="@string/app_name" />
53-->src\main\AndroidManifest.xml:34:13-45
54        <activity
54-->src\main\AndroidManifest.xml:35:9-37:57
55            android:name="com.example.yedas.LoginActivity"
55-->src\main\AndroidManifest.xml:36:13-42
56            android:label="@string/app_name" />
56-->src\main\AndroidManifest.xml:37:13-45
57        <activity
57-->src\main\AndroidManifest.xml:38:9-40:57
58            android:name="com.example.yedas.MainViewActivity"
58-->src\main\AndroidManifest.xml:39:13-45
59            android:label="@string/app_name" />
59-->src\main\AndroidManifest.xml:40:13-45
60        <activity
60-->src\main\AndroidManifest.xml:41:9-43:57
61            android:name="com.example.yedas.NewPassActivity"
61-->src\main\AndroidManifest.xml:42:13-44
62            android:label="@string/app_name" />
62-->src\main\AndroidManifest.xml:43:13-45
63        <activity
63-->src\main\AndroidManifest.xml:44:9-46:57
64            android:name="com.example.yedas.DrawSignActivity"
64-->src\main\AndroidManifest.xml:45:13-45
65            android:label="@string/app_name" />
65-->src\main\AndroidManifest.xml:46:13-45
66        <activity
66-->src\main\AndroidManifest.xml:47:9-49:57
67            android:name="com.example.yedas.UserInfoChangeActivity"
67-->src\main\AndroidManifest.xml:48:13-51
68            android:label="@string/app_name" />
68-->src\main\AndroidManifest.xml:49:13-45
69        <activity
69-->src\main\AndroidManifest.xml:50:9-56:20
70            android:name="com.example.yedas.DocumentViewActivity"
70-->src\main\AndroidManifest.xml:51:13-49
71            android:label="@string/app_name" >
71-->src\main\AndroidManifest.xml:52:13-45
72            <meta-data
72-->src\main\AndroidManifest.xml:53:13-55:53
73                android:name="android.support.PARENT_ACTIVITY"
73-->src\main\AndroidManifest.xml:54:17-63
74                android:value=".MainViewActivity" />
74-->src\main\AndroidManifest.xml:55:17-50
75        </activity>
76
77        <meta-data
77-->[com.firebaseui:firebase-ui-auth:4.3.1] AndroidManifest.xml:16:9-18:69
78            android:name="com.google.android.gms.version"
78-->[com.firebaseui:firebase-ui-auth:4.3.1] AndroidManifest.xml:17:13-58
79            android:value="@integer/google_play_services_version" />
79-->[com.firebaseui:firebase-ui-auth:4.3.1] AndroidManifest.xml:18:13-66
80        <meta-data
80-->[com.firebaseui:firebase-ui-auth:4.3.1] AndroidManifest.xml:19:9-21:63
81            android:name="com.facebook.sdk.ApplicationId"
81-->[com.firebaseui:firebase-ui-auth:4.3.1] AndroidManifest.xml:20:13-58
82            android:value="@string/facebook_application_id" />
82-->[com.firebaseui:firebase-ui-auth:4.3.1] AndroidManifest.xml:21:13-60
83
84        <activity
84-->[com.firebaseui:firebase-ui-auth:4.3.1] AndroidManifest.xml:23:9-27:61
85            android:name="com.firebase.ui.auth.KickoffActivity"
85-->[com.firebaseui:firebase-ui-auth:4.3.1] AndroidManifest.xml:24:13-64
86            android:exported="false"
86-->[com.firebaseui:firebase-ui-auth:4.3.1] AndroidManifest.xml:25:13-37
87            android:label=""
87-->[com.firebaseui:firebase-ui-auth:4.3.1] AndroidManifest.xml:26:13-29
88            android:theme="@style/FirebaseUI.Transparent" />
88-->[com.firebaseui:firebase-ui-auth:4.3.1] AndroidManifest.xml:27:13-58
89        <activity
89-->[com.firebaseui:firebase-ui-auth:4.3.1] AndroidManifest.xml:28:9-32:61
90            android:name="com.firebase.ui.auth.ui.idp.SingleSignInActivity"
90-->[com.firebaseui:firebase-ui-auth:4.3.1] AndroidManifest.xml:29:13-76
91            android:exported="false"
91-->[com.firebaseui:firebase-ui-auth:4.3.1] AndroidManifest.xml:30:13-37
92            android:label=""
92-->[com.firebaseui:firebase-ui-auth:4.3.1] AndroidManifest.xml:31:13-29
93            android:theme="@style/FirebaseUI.Transparent" />
93-->[com.firebaseui:firebase-ui-auth:4.3.1] AndroidManifest.xml:32:13-58
94        <activity
94-->[com.firebaseui:firebase-ui-auth:4.3.1] AndroidManifest.xml:33:9-37:61
95            android:name="com.firebase.ui.auth.ui.credentials.CredentialSaveActivity"
95-->[com.firebaseui:firebase-ui-auth:4.3.1] AndroidManifest.xml:34:13-86
96            android:exported="false"
96-->[com.firebaseui:firebase-ui-auth:4.3.1] AndroidManifest.xml:35:13-37
97            android:label=""
97-->[com.firebaseui:firebase-ui-auth:4.3.1] AndroidManifest.xml:36:13-29
98            android:theme="@style/FirebaseUI.Transparent" />
98-->[com.firebaseui:firebase-ui-auth:4.3.1] AndroidManifest.xml:37:13-58
99        <activity
99-->[com.firebaseui:firebase-ui-auth:4.3.1] AndroidManifest.xml:38:9-42:58
100            android:name="com.firebase.ui.auth.ui.email.RecoverPasswordActivity"
100-->[com.firebaseui:firebase-ui-auth:4.3.1] AndroidManifest.xml:39:13-81
101            android:exported="false"
101-->[com.firebaseui:firebase-ui-auth:4.3.1] AndroidManifest.xml:40:13-37
102            android:label="@string/fui_title_recover_password_activity"
102-->[com.firebaseui:firebase-ui-auth:4.3.1] AndroidManifest.xml:41:13-72
103            android:windowSoftInputMode="adjustResize" />
103-->[com.firebaseui:firebase-ui-auth:4.3.1] AndroidManifest.xml:42:13-55
104        <activity
104-->[com.firebaseui:firebase-ui-auth:4.3.1] AndroidManifest.xml:43:9-47:58
105            android:name="com.firebase.ui.auth.ui.email.EmailActivity"
105-->[com.firebaseui:firebase-ui-auth:4.3.1] AndroidManifest.xml:44:13-71
106            android:exported="false"
106-->[com.firebaseui:firebase-ui-auth:4.3.1] AndroidManifest.xml:45:13-37
107            android:label="@string/fui_sign_in_default"
107-->[com.firebaseui:firebase-ui-auth:4.3.1] AndroidManifest.xml:46:13-56
108            android:windowSoftInputMode="adjustResize" />
108-->[com.firebaseui:firebase-ui-auth:4.3.1] AndroidManifest.xml:47:13-55
109        <activity
109-->[com.firebaseui:firebase-ui-auth:4.3.1] AndroidManifest.xml:48:9-52:77
110            android:name="com.firebase.ui.auth.ui.phone.PhoneActivity"
110-->[com.firebaseui:firebase-ui-auth:4.3.1] AndroidManifest.xml:49:13-71
111            android:exported="false"
111-->[com.firebaseui:firebase-ui-auth:4.3.1] AndroidManifest.xml:50:13-37
112            android:label="@string/fui_sign_in_with_phone_number"
112-->[com.firebaseui:firebase-ui-auth:4.3.1] AndroidManifest.xml:51:13-66
113            android:windowSoftInputMode="adjustResize|stateAlwaysVisible" />
113-->[com.firebaseui:firebase-ui-auth:4.3.1] AndroidManifest.xml:52:13-74
114        <activity
114-->[com.firebaseui:firebase-ui-auth:4.3.1] AndroidManifest.xml:53:9-57:58
115            android:name="com.firebase.ui.auth.ui.idp.WelcomeBackIdpPrompt"
115-->[com.firebaseui:firebase-ui-auth:4.3.1] AndroidManifest.xml:54:13-76
116            android:exported="false"
116-->[com.firebaseui:firebase-ui-auth:4.3.1] AndroidManifest.xml:55:13-37
117            android:label="@string/fui_title_welcome_back_idp_prompt"
117-->[com.firebaseui:firebase-ui-auth:4.3.1] AndroidManifest.xml:56:13-70
118            android:windowSoftInputMode="adjustResize" />
118-->[com.firebaseui:firebase-ui-auth:4.3.1] AndroidManifest.xml:57:13-55
119        <activity
119-->[com.firebaseui:firebase-ui-auth:4.3.1] AndroidManifest.xml:58:9-62:58
120            android:name="com.firebase.ui.auth.ui.email.WelcomeBackPasswordPrompt"
120-->[com.firebaseui:firebase-ui-auth:4.3.1] AndroidManifest.xml:59:13-83
121            android:exported="false"
121-->[com.firebaseui:firebase-ui-auth:4.3.1] AndroidManifest.xml:60:13-37
122            android:label="@string/fui_title_welcome_back_password_prompt"
122-->[com.firebaseui:firebase-ui-auth:4.3.1] AndroidManifest.xml:61:13-75
123            android:windowSoftInputMode="adjustResize" />
123-->[com.firebaseui:firebase-ui-auth:4.3.1] AndroidManifest.xml:62:13-55
124        <activity
124-->[com.firebaseui:firebase-ui-auth:4.3.1] AndroidManifest.xml:63:9-67:58
125            android:name="com.firebase.ui.auth.ui.email.WelcomeBackEmailLinkPrompt"
125-->[com.firebaseui:firebase-ui-auth:4.3.1] AndroidManifest.xml:64:13-84
126            android:exported="false"
126-->[com.firebaseui:firebase-ui-auth:4.3.1] AndroidManifest.xml:65:13-37
127            android:label="@string/fui_title_welcome_back_password_prompt"
127-->[com.firebaseui:firebase-ui-auth:4.3.1] AndroidManifest.xml:66:13-75
128            android:windowSoftInputMode="adjustResize" />
128-->[com.firebaseui:firebase-ui-auth:4.3.1] AndroidManifest.xml:67:13-55
129        <activity
129-->[com.firebaseui:firebase-ui-auth:4.3.1] AndroidManifest.xml:68:9-73:58
130            android:name="com.firebase.ui.auth.ui.email.EmailLinkCatcherActivity"
130-->[com.firebaseui:firebase-ui-auth:4.3.1] AndroidManifest.xml:69:13-82
131            android:exported="false"
131-->[com.firebaseui:firebase-ui-auth:4.3.1] AndroidManifest.xml:70:13-37
132            android:label=""
132-->[com.firebaseui:firebase-ui-auth:4.3.1] AndroidManifest.xml:71:13-29
133            android:theme="@style/FirebaseUI.Transparent"
133-->[com.firebaseui:firebase-ui-auth:4.3.1] AndroidManifest.xml:72:13-58
134            android:windowSoftInputMode="adjustResize" />
134-->[com.firebaseui:firebase-ui-auth:4.3.1] AndroidManifest.xml:73:13-55
135        <activity
135-->[com.firebaseui:firebase-ui-auth:4.3.1] AndroidManifest.xml:74:9-78:58
136            android:name="com.firebase.ui.auth.ui.email.EmailLinkErrorRecoveryActivity"
136-->[com.firebaseui:firebase-ui-auth:4.3.1] AndroidManifest.xml:75:13-88
137            android:exported="false"
137-->[com.firebaseui:firebase-ui-auth:4.3.1] AndroidManifest.xml:76:13-37
138            android:label="@string/fui_sign_in_default"
138-->[com.firebaseui:firebase-ui-auth:4.3.1] AndroidManifest.xml:77:13-56
139            android:windowSoftInputMode="adjustResize" />
139-->[com.firebaseui:firebase-ui-auth:4.3.1] AndroidManifest.xml:78:13-55
140        <activity
140-->[com.firebaseui:firebase-ui-auth:4.3.1] AndroidManifest.xml:79:9-82:65
141            android:name="com.firebase.ui.auth.ui.idp.AuthMethodPickerActivity"
141-->[com.firebaseui:firebase-ui-auth:4.3.1] AndroidManifest.xml:80:13-80
142            android:exported="false"
142-->[com.firebaseui:firebase-ui-auth:4.3.1] AndroidManifest.xml:81:13-37
143            android:label="@string/fui_default_toolbar_title" />
143-->[com.firebaseui:firebase-ui-auth:4.3.1] AndroidManifest.xml:82:13-62
144        <activity
144-->[com.firebaseui:firebase-ui-auth:4.3.1] AndroidManifest.xml:83:9-87:48
145            android:name="com.facebook.FacebookActivity"
145-->[com.firebaseui:firebase-ui-auth:4.3.1] AndroidManifest.xml:84:13-57
146            android:configChanges="keyboard|keyboardHidden|screenLayout|screenSize|orientation"
146-->[com.firebaseui:firebase-ui-auth:4.3.1] AndroidManifest.xml:85:13-96
147            android:label="@string/app_name" />
147-->[com.firebaseui:firebase-ui-auth:4.3.1] AndroidManifest.xml:86:13-45
148        <activity
148-->[com.firebaseui:firebase-ui-auth:4.3.1] AndroidManifest.xml:88:9-100:20
149            android:name="com.facebook.CustomTabActivity"
149-->[com.firebaseui:firebase-ui-auth:4.3.1] AndroidManifest.xml:89:13-58
150            android:exported="true" >
150-->[com.firebaseui:firebase-ui-auth:4.3.1] AndroidManifest.xml:90:13-36
151            <intent-filter>
151-->[com.firebaseui:firebase-ui-auth:4.3.1] AndroidManifest.xml:92:13-99:29
152                <action android:name="android.intent.action.VIEW" />
152-->[com.firebaseui:firebase-ui-auth:4.3.1] AndroidManifest.xml:93:17-69
152-->[com.firebaseui:firebase-ui-auth:4.3.1] AndroidManifest.xml:93:25-66
153
154                <category android:name="android.intent.category.DEFAULT" />
154-->[com.firebaseui:firebase-ui-auth:4.3.1] AndroidManifest.xml:95:17-76
154-->[com.firebaseui:firebase-ui-auth:4.3.1] AndroidManifest.xml:95:27-73
155                <category android:name="android.intent.category.BROWSABLE" />
155-->[com.firebaseui:firebase-ui-auth:4.3.1] AndroidManifest.xml:96:17-78
155-->[com.firebaseui:firebase-ui-auth:4.3.1] AndroidManifest.xml:96:27-75
156
157                <data android:scheme="@string/facebook_login_protocol_scheme" />
157-->[com.firebaseui:firebase-ui-auth:4.3.1] AndroidManifest.xml:98:17-81
157-->[com.firebaseui:firebase-ui-auth:4.3.1] AndroidManifest.xml:98:23-78
158            </intent-filter>
159        </activity>
160
161        <provider
161-->[com.firebaseui:firebase-ui-auth:4.3.1] AndroidManifest.xml:102:9-106:38
162            android:name="com.firebase.ui.auth.data.client.AuthUiInitProvider"
162-->[com.firebaseui:firebase-ui-auth:4.3.1] AndroidManifest.xml:103:13-79
163            android:authorities="com.example.yedas.authuiinitprovider"
163-->[com.firebaseui:firebase-ui-auth:4.3.1] AndroidManifest.xml:104:13-70
164            android:exported="false"
164-->[com.firebaseui:firebase-ui-auth:4.3.1] AndroidManifest.xml:105:13-37
165            android:initOrder="90" />
165-->[com.firebaseui:firebase-ui-auth:4.3.1] AndroidManifest.xml:106:13-35
166
167        <service
167-->[com.google.firebase:firebase-database:19.1.0] AndroidManifest.xml:29:9-35:19
168            android:name="com.google.firebase.components.ComponentDiscoveryService"
168-->[com.google.firebase:firebase-database:19.1.0] AndroidManifest.xml:30:13-84
169            android:directBootAware="true"
169-->[com.google.firebase:firebase-common:19.1.0] AndroidManifest.xml:14:13-43
170            android:exported="false" >
170-->[com.google.firebase:firebase-database:19.1.0] AndroidManifest.xml:31:13-37
171            <meta-data
171-->[com.google.firebase:firebase-database:19.1.0] AndroidManifest.xml:32:13-34:85
172                android:name="com.google.firebase.components:com.google.firebase.database.DatabaseRegistrar"
172-->[com.google.firebase:firebase-database:19.1.0] AndroidManifest.xml:33:17-109
173                android:value="com.google.firebase.components.ComponentRegistrar" />
173-->[com.google.firebase:firebase-database:19.1.0] AndroidManifest.xml:34:17-82
174            <meta-data
174-->[com.google.firebase:firebase-storage:19.1.0] AndroidManifest.xml:33:13-35:85
175                android:name="com.google.firebase.components:com.google.firebase.storage.StorageRegistrar"
175-->[com.google.firebase:firebase-storage:19.1.0] AndroidManifest.xml:34:17-107
176                android:value="com.google.firebase.components.ComponentRegistrar" />
176-->[com.google.firebase:firebase-storage:19.1.0] AndroidManifest.xml:35:17-82
177            <meta-data
177-->[com.google.firebase:firebase-auth:19.1.0] AndroidManifest.xml:36:13-38:85
178                android:name="com.google.firebase.components:com.google.firebase.auth.FirebaseAuthRegistrar"
178-->[com.google.firebase:firebase-auth:19.1.0] AndroidManifest.xml:37:17-109
179                android:value="com.google.firebase.components.ComponentRegistrar" />
179-->[com.google.firebase:firebase-auth:19.1.0] AndroidManifest.xml:38:17-82
180            <meta-data
180-->[com.google.android.gms:play-services-measurement-api:17.2.0] AndroidManifest.xml:30:13-32:85
181                android:name="com.google.firebase.components:com.google.firebase.analytics.connector.internal.AnalyticsConnectorRegistrar"
181-->[com.google.android.gms:play-services-measurement-api:17.2.0] AndroidManifest.xml:31:17-139
182                android:value="com.google.firebase.components.ComponentRegistrar" />
182-->[com.google.android.gms:play-services-measurement-api:17.2.0] AndroidManifest.xml:32:17-82
183            <meta-data
183-->[com.google.firebase:firebase-iid:20.0.0] AndroidManifest.xml:32:13-34:85
184                android:name="com.google.firebase.components:com.google.firebase.iid.Registrar"
184-->[com.google.firebase:firebase-iid:20.0.0] AndroidManifest.xml:33:17-96
185                android:value="com.google.firebase.components.ComponentRegistrar" />
185-->[com.google.firebase:firebase-iid:20.0.0] AndroidManifest.xml:34:17-82
186        </service>
187        <!--
188             FirebaseMessagingService performs security checks at runtime,
189             but set to not exported to explicitly avoid allowing another app to call it.
190        -->
191        <service
191-->[com.google.firebase:firebase-messaging:20.0.0] AndroidManifest.xml:28:9-34:19
192            android:name="com.google.firebase.messaging.FirebaseMessagingService"
192-->[com.google.firebase:firebase-messaging:20.0.0] AndroidManifest.xml:29:13-82
193            android:exported="false" >
193-->[com.google.firebase:firebase-messaging:20.0.0] AndroidManifest.xml:30:13-37
194            <intent-filter android:priority="-500" >
194-->[com.google.firebase:firebase-messaging:20.0.0] AndroidManifest.xml:31:13-33:29
194-->[com.google.firebase:firebase-messaging:20.0.0] AndroidManifest.xml:31:28-51
195                <action android:name="com.google.firebase.MESSAGING_EVENT" />
195-->[com.google.firebase:firebase-messaging:20.0.0] AndroidManifest.xml:32:17-78
195-->[com.google.firebase:firebase-messaging:20.0.0] AndroidManifest.xml:32:25-75
196            </intent-filter>
197        </service>
198
199        <activity
199-->[com.google.firebase:firebase-auth:19.1.0] AndroidManifest.xml:24:9-31:50
200            android:name="com.google.firebase.auth.internal.FederatedSignInActivity"
200-->[com.google.firebase:firebase-auth:19.1.0] AndroidManifest.xml:25:13-85
201            android:excludeFromRecents="true"
201-->[com.google.firebase:firebase-auth:19.1.0] AndroidManifest.xml:26:13-46
202            android:exported="true"
202-->[com.google.firebase:firebase-auth:19.1.0] AndroidManifest.xml:27:13-36
203            android:launchMode="singleTask"
203-->[com.google.firebase:firebase-auth:19.1.0] AndroidManifest.xml:28:13-44
204            android:permission="com.google.firebase.auth.api.gms.permission.LAUNCH_FEDERATED_SIGN_IN"
204-->[com.google.firebase:firebase-auth:19.1.0] AndroidManifest.xml:29:13-102
205            android:theme="@android:style/Theme.Translucent.NoTitleBar" />
205-->[com.google.firebase:firebase-auth:19.1.0] AndroidManifest.xml:30:13-72
206        <activity
206-->[com.google.android.gms:play-services-auth:17.0.0] AndroidManifest.xml:23:9-27:75
207            android:name="com.google.android.gms.auth.api.signin.internal.SignInHubActivity"
207-->[com.google.android.gms:play-services-auth:17.0.0] AndroidManifest.xml:24:13-93
208            android:excludeFromRecents="true"
208-->[com.google.android.gms:play-services-auth:17.0.0] AndroidManifest.xml:25:13-46
209            android:exported="false"
209-->[com.google.android.gms:play-services-auth:17.0.0] AndroidManifest.xml:26:13-37
210            android:theme="@android:style/Theme.Translucent.NoTitleBar" />
210-->[com.google.android.gms:play-services-auth:17.0.0] AndroidManifest.xml:27:13-72
211        <!--
212            Service handling Google Sign-In user revocation. For apps that do not integrate with
213            Google Sign-In, this service will never be started.
214        -->
215        <service
215-->[com.google.android.gms:play-services-auth:17.0.0] AndroidManifest.xml:33:9-36:110
216            android:name="com.google.android.gms.auth.api.signin.RevocationBoundService"
216-->[com.google.android.gms:play-services-auth:17.0.0] AndroidManifest.xml:34:13-89
217            android:exported="true"
217-->[com.google.android.gms:play-services-auth:17.0.0] AndroidManifest.xml:35:13-36
218            android:permission="com.google.android.gms.auth.api.signin.permission.REVOCATION_NOTIFICATION" />
218-->[com.google.android.gms:play-services-auth:17.0.0] AndroidManifest.xml:36:13-107
219
220        <receiver
220-->[com.google.firebase:firebase-iid:20.0.0] AndroidManifest.xml:37:9-44:20
221            android:name="com.google.firebase.iid.FirebaseInstanceIdReceiver"
221-->[com.google.firebase:firebase-iid:20.0.0] AndroidManifest.xml:38:13-78
222            android:exported="true"
222-->[com.google.firebase:firebase-iid:20.0.0] AndroidManifest.xml:39:13-36
223            android:permission="com.google.android.c2dm.permission.SEND" >
223-->[com.google.firebase:firebase-iid:20.0.0] AndroidManifest.xml:40:13-73
224            <intent-filter>
224-->[com.google.firebase:firebase-iid:20.0.0] AndroidManifest.xml:41:13-43:29
225                <action android:name="com.google.android.c2dm.intent.RECEIVE" />
225-->[com.google.firebase:firebase-iid:20.0.0] AndroidManifest.xml:42:17-81
225-->[com.google.firebase:firebase-iid:20.0.0] AndroidManifest.xml:42:25-78
226            </intent-filter>
227        </receiver>
228
229        <provider
229-->[com.google.firebase:firebase-common:19.1.0] AndroidManifest.xml:17:9-21:39
230            android:name="com.google.firebase.provider.FirebaseInitProvider"
230-->[com.google.firebase:firebase-common:19.1.0] AndroidManifest.xml:18:13-77
231            android:authorities="com.example.yedas.firebaseinitprovider"
231-->[com.google.firebase:firebase-common:19.1.0] AndroidManifest.xml:19:13-72
232            android:exported="false"
232-->[com.google.firebase:firebase-common:19.1.0] AndroidManifest.xml:20:13-37
233            android:initOrder="100" />
233-->[com.google.firebase:firebase-common:19.1.0] AndroidManifest.xml:21:13-36
234
235        <activity
235-->[com.google.android.gms:play-services-base:17.1.0] AndroidManifest.xml:23:9-26:75
236            android:name="com.google.android.gms.common.api.GoogleApiActivity"
236-->[com.google.android.gms:play-services-base:17.1.0] AndroidManifest.xml:24:13-79
237            android:exported="false"
237-->[com.google.android.gms:play-services-base:17.1.0] AndroidManifest.xml:25:13-37
238            android:theme="@android:style/Theme.Translucent.NoTitleBar" />
238-->[com.google.android.gms:play-services-base:17.1.0] AndroidManifest.xml:26:13-72
239
240        <receiver
240-->[com.google.android.gms:play-services-measurement:17.2.0] AndroidManifest.xml:29:9-33:20
241            android:name="com.google.android.gms.measurement.AppMeasurementReceiver"
241-->[com.google.android.gms:play-services-measurement:17.2.0] AndroidManifest.xml:30:13-85
242            android:enabled="true"
242-->[com.google.android.gms:play-services-measurement:17.2.0] AndroidManifest.xml:31:13-35
243            android:exported="false" >
243-->[com.google.android.gms:play-services-measurement:17.2.0] AndroidManifest.xml:32:13-37
244        </receiver>
245        <receiver
245-->[com.google.android.gms:play-services-measurement:17.2.0] AndroidManifest.xml:34:9-42:20
246            android:name="com.google.android.gms.measurement.AppMeasurementInstallReferrerReceiver"
246-->[com.google.android.gms:play-services-measurement:17.2.0] AndroidManifest.xml:35:13-100
247            android:enabled="true"
247-->[com.google.android.gms:play-services-measurement:17.2.0] AndroidManifest.xml:36:13-35
248            android:exported="true"
248-->[com.google.android.gms:play-services-measurement:17.2.0] AndroidManifest.xml:37:13-36
249            android:permission="android.permission.INSTALL_PACKAGES" >
249-->[com.google.android.gms:play-services-measurement:17.2.0] AndroidManifest.xml:38:13-69
250            <intent-filter>
250-->[com.google.android.gms:play-services-measurement:17.2.0] AndroidManifest.xml:39:13-41:29
251                <action android:name="com.android.vending.INSTALL_REFERRER" />
251-->[com.google.android.gms:play-services-measurement:17.2.0] AndroidManifest.xml:40:17-79
251-->[com.google.android.gms:play-services-measurement:17.2.0] AndroidManifest.xml:40:25-76
252            </intent-filter>
253        </receiver>
254
255        <service
255-->[com.google.android.gms:play-services-measurement:17.2.0] AndroidManifest.xml:44:9-47:40
256            android:name="com.google.android.gms.measurement.AppMeasurementService"
256-->[com.google.android.gms:play-services-measurement:17.2.0] AndroidManifest.xml:45:13-84
257            android:enabled="true"
257-->[com.google.android.gms:play-services-measurement:17.2.0] AndroidManifest.xml:46:13-35
258            android:exported="false" />
258-->[com.google.android.gms:play-services-measurement:17.2.0] AndroidManifest.xml:47:13-37
259        <service
259-->[com.google.android.gms:play-services-measurement:17.2.0] AndroidManifest.xml:48:9-52:72
260            android:name="com.google.android.gms.measurement.AppMeasurementJobService"
260-->[com.google.android.gms:play-services-measurement:17.2.0] AndroidManifest.xml:49:13-87
261            android:enabled="true"
261-->[com.google.android.gms:play-services-measurement:17.2.0] AndroidManifest.xml:50:13-35
262            android:exported="false"
262-->[com.google.android.gms:play-services-measurement:17.2.0] AndroidManifest.xml:51:13-37
263            android:permission="android.permission.BIND_JOB_SERVICE" />
263-->[com.google.android.gms:play-services-measurement:17.2.0] AndroidManifest.xml:52:13-69
264
265        <provider
265-->[androidx.lifecycle:lifecycle-process:2.0.0] AndroidManifest.xml:23:9-27:43
266            android:name="androidx.lifecycle.ProcessLifecycleOwnerInitializer"
266-->[androidx.lifecycle:lifecycle-process:2.0.0] AndroidManifest.xml:24:13-79
267            android:authorities="com.example.yedas.lifecycle-process"
267-->[androidx.lifecycle:lifecycle-process:2.0.0] AndroidManifest.xml:25:13-69
268            android:exported="false"